<?xml version="1.0" encoding="UTF-8"?>
<testng-results total="0" passed="0" failed="0" skipped="0">
  <reporter-output>
  </reporter-output>
  <suite started-at="2019-02-02T18:32:36Z" name="com.jcastro.wiki.AppTest" finished-at="2019-02-02T18:32:36Z" duration-ms="9">
    <groups>
    </groups>
    <test started-at="2019-02-02T18:32:36Z" name="Command line test" finished-at="2019-02-02T18:32:36Z" duration-ms="9">
    </test> <!-- Command line test -->
  </suite> <!-- com.jcastro.wiki.AppTest -->
</testng-results>
