<?xml version="1.0" encoding="UTF-8"?>
<testng-results total="1" passed="1" failed="0" skipped="0">
  <reporter-output>
  </reporter-output>
  <suite started-at="2019-02-04T01:46:13Z" name="My test suite" finished-at="2019-02-04T01:46:15Z" duration-ms="2618">
    <groups>
    </groups>
    <test started-at="2019-02-04T01:46:13Z" name="my first test&gt;" finished-at="2019-02-04T01:46:15Z" duration-ms="2618">
      <class name="com.jcastro.wiki.test.WikiTest">
        <test-method is-config="true" signature="beforeSuite(java.lang.String)[pri:0, instance:com.jcastro.wiki.test.WikiTest@36ebc363]" started-at="2019-02-03T20:46:01Z" name="beforeSuite" finished-at="2019-02-03T20:46:13Z" duration-ms="11400" status="PASS">
          <params>
            <param index="0">
              <value>
                <![CDATA[firefox]]>
              </value>
            </param>
          </params>
          <reporter-output>
          </reporter-output>
        </test-method> <!-- beforeSuite -->
        <test-method signature="testWikiSearch()[pri:0, instance:com.jcastro.wiki.test.WikiTest@36ebc363]" started-at="2019-02-03T20:46:13Z" name="testWikiSearch" finished-at="2019-02-03T20:46:15Z" duration-ms="2598" status="PASS">
          <reporter-output>
          </reporter-output>
        </test-method> <!-- testWikiSearch -->
        <test-method is-config="true" signature="afterSuite()[pri:0, instance:com.jcastro.wiki.test.WikiTest@36ebc363]" started-at="2019-02-03T20:46:15Z" name="afterSuite" finished-at="2019-02-03T20:46:17Z" duration-ms="1347" status="PASS">
          <reporter-output>
          </reporter-output>
        </test-method> <!-- afterSuite -->
      </class> <!-- com.jcastro.wiki.test.WikiTest -->
    </test> <!-- my first test> -->
  </suite> <!-- My test suite -->
</testng-results>
